{
  "stats": {
    "suites": 1,
    "tests": 3,
    "passes": 1,
    "pending": 1,
    "failures": 1,
    "start": "2023-06-10T21:12:38.939Z",
    "end": "2023-06-10T21:12:48.495Z",
    "duration": 9556,
    "testsRegistered": 3,
    "passPercent": 50,
    "pendingPercent": 33.33333333333333,
    "other": 0,
    "hasOther": false,
    "skipped": 0,
    "hasSkipped": false
  },
  "results": [
    {
      "uuid": "475f37c8-41c5-45ab-8b00-9837d346f790",
      "title": "",
      "fullFile": "cypress\\e2e\\email.cy.js",
      "file": "cypress\\e2e\\email.cy.js",
      "beforeHooks": [],
      "afterHooks": [],
      "tests": [],
      "suites": [
        {
          "uuid": "2d71cb6b-7338-4c3d-9dae-53fe0795b877",
          "title": "template spec",
          "fullFile": "",
          "file": "",
          "beforeHooks": [],
          "afterHooks": [],
          "tests": [
            {
              "title": "passes",
              "fullTitle": "template spec passes",
              "timedOut": null,
              "duration": 849,
              "state": "passed",
              "speed": "fast",
              "pass": true,
              "fail": false,
              "pending": false,
              "context": "{\n  \"title\": \"cypress-mochawesome-reporter-videos-passed\",\n  \"value\": \"cypress\\\\e2e\\\\email.cy.js\"\n}",
              "code": "cy.get('h1').should('have.text', 'Kitchen Sink');",
              "err": {},
              "uuid": "243a7927-be3a-404b-9658-9e72564260b4",
              "parentUUID": "2d71cb6b-7338-4c3d-9dae-53fe0795b877",
              "isHook": false,
              "skipped": false
            },
            {
              "title": "fail",
              "fullTitle": "template spec fail",
              "timedOut": null,
              "duration": 4643,
              "state": "failed",
              "speed": null,
              "pass": false,
              "fail": true,
              "pending": false,
              "context": "[\n  {\n    \"title\": \"cypress-mochawesome-reporter-videos-failed\",\n    \"value\": \"cypress\\\\e2e\\\\email.cy.js\"\n  },\n  {\n    \"title\": \"cypress-mochawesome-reporter-screenshots\",\n    \"value\": [\n      [\n        \"\\\\email.cy.js\\\\template spec -- fail (failed).png\"\n      ]\n    ]\n  }\n]",
              "code": "cy.get(':nth-child(3) > .container > .row > #utilities > p').should('length.greaterThan', 5);",
              "err": {
                "message": "AssertionError: Timed out retrying after 4000ms: expected '<p>' to have a length above 5 but got 1",
                "estack": "AssertionError: Timed out retrying after 4000ms: expected '<p>' to have a length above 5 but got 1\n    at Context.eval (webpack:///./cypress/e2e/email.cy.js:15:65)",
                "diff": "- 1\n+ 5\n"
              },
              "uuid": "a5a21aa3-2497-43c2-9e6f-0352a75fe906",
              "parentUUID": "2d71cb6b-7338-4c3d-9dae-53fe0795b877",
              "isHook": false,
              "skipped": false
            },
            {
              "title": "passes",
              "fullTitle": "template spec passes",
              "timedOut": null,
              "duration": 0,
              "state": "pending",
              "speed": null,
              "pass": false,
              "fail": false,
              "pending": true,
              "context": "[\n  {\n    \"title\": \"cypress-mochawesome-reporter-videos-pending\",\n    \"value\": \"cypress\\\\e2e\\\\email.cy.js\"\n  },\n  {\n    \"title\": \"cypress-mochawesome-reporter-screenshots\",\n    \"value\": [\n      [\n        \"\\\\email.cy.js\\\\endShoot.png\"\n      ]\n    ]\n  }\n]",
              "code": "cy.get(':nth-child(3) > .container > .row > #utilities > h2').should('be.visible');",
              "err": {},
              "uuid": "b5572fe3-ca7b-4f92-aba1-9eefcab76d94",
              "parentUUID": "2d71cb6b-7338-4c3d-9dae-53fe0795b877",
              "isHook": false,
              "skipped": false
            }
          ],
          "suites": [],
          "passes": [
            "243a7927-be3a-404b-9658-9e72564260b4"
          ],
          "failures": [
            "a5a21aa3-2497-43c2-9e6f-0352a75fe906"
          ],
          "pending": [
            "b5572fe3-ca7b-4f92-aba1-9eefcab76d94"
          ],
          "skipped": [],
          "duration": 5492,
          "root": false,
          "rootEmpty": false,
          "_timeout": 2000
        }
      ],
      "passes": [],
      "failures": [],
      "pending": [],
      "skipped": [],
      "duration": 0,
      "root": true,
      "rootEmpty": true,
      "_timeout": 2000
    }
  ],
  "meta": {
    "mocha": {
      "version": "7.0.1"
    },
    "mochawesome": {
      "options": {
        "quiet": false,
        "reportFilename": "mochawesome",
        "saveHtml": false,
        "saveJson": true,
        "consoleReporter": "spec",
        "useInlineDiffs": false,
        "code": true
      },
      "version": "7.1.3"
    },
    "marge": {
      "options": {
        "reportDir": "cypress\\reports\\.jsons",
        "overwrite": false,
        "html": false,
        "json": true
      },
      "version": "6.2.0"
    }
  }
}