{
  "stats": {
    "suites": 1,
    "tests": 3,
    "passes": 1,
    "pending": 1,
    "failures": 1,
    "start": "2023-06-09T21:20:55.290Z",
    "end": "2023-06-09T21:21:18.116Z",
    "duration": 22826,
    "testsRegistered": 3,
    "passPercent": 50,
    "pendingPercent": 33.33333333333333,
    "other": 0,
    "hasOther": false,
    "skipped": 0,
    "hasSkipped": false
  },
  "results": [
    {
      "uuid": "4cb36194-209a-451c-88be-2fef3a22ce00",
      "title": "",
      "fullFile": "cypress\\e2e\\email.cy.js",
      "file": "cypress\\e2e\\email.cy.js",
      "beforeHooks": [],
      "afterHooks": [],
      "tests": [],
      "suites": [
        {
          "uuid": "d466f97c-b972-4a6e-9459-8c0cafbaeea9",
          "title": "template spec",
          "fullFile": "",
          "file": "",
          "beforeHooks": [],
          "afterHooks": [],
          "tests": [
            {
              "title": "passes",
              "fullTitle": "template spec passes",
              "timedOut": null,
              "duration": 9374,
              "state": "passed",
              "speed": "medium",
              "pass": true,
              "fail": false,
              "pending": false,
              "context": "{\n  \"title\": \"cypress-mochawesome-reporter-videos-passed\",\n  \"value\": \"cypress\\\\e2e\\\\email.cy.js\"\n}",
              "code": "cy.get('h1').should('have.text', 'Kitchen Sink');",
              "err": {},
              "uuid": "129ac365-aaa1-463a-9ca2-5b859b52dee5",
              "parentUUID": "d466f97c-b972-4a6e-9459-8c0cafbaeea9",
              "isHook": false,
              "skipped": false
            },
            {
              "title": "fail",
              "fullTitle": "template spec fail",
              "timedOut": null,
              "duration": 5591,
              "state": "failed",
              "speed": null,
              "pass": false,
              "fail": true,
              "pending": false,
              "context": "[\n  {\n    \"title\": \"cypress-mochawesome-reporter-videos-failed\",\n    \"value\": \"cypress\\\\e2e\\\\email.cy.js\"\n  },\n  {\n    \"title\": \"cypress-mochawesome-reporter-screenshots\",\n    \"value\": [\n      [\n        \"\\\\email.cy.js\\\\template spec -- fail (failed).png\"\n      ]\n    ]\n  }\n]",
              "code": "cy.get(':nth-child(3) > .container > .row > #utilities > p').should('length.greaterThan', 5);",
              "err": {
                "message": "AssertionError: Timed out retrying after 4000ms: expected '<p>' to have a length above 5 but got 1",
                "estack": "AssertionError: Timed out retrying after 4000ms: expected '<p>' to have a length above 5 but got 1\n    at Context.eval (webpack:///./cypress/e2e/email.cy.js:15:65)",
                "diff": "- 1\n+ 5\n"
              },
              "uuid": "7093558c-4ef3-4eb7-8c61-c8ac0884027a",
              "parentUUID": "d466f97c-b972-4a6e-9459-8c0cafbaeea9",
              "isHook": false,
              "skipped": false
            },
            {
              "title": "passes",
              "fullTitle": "template spec passes",
              "timedOut": null,
              "duration": 0,
              "state": "pending",
              "speed": null,
              "pass": false,
              "fail": false,
              "pending": true,
              "context": "[\n  {\n    \"title\": \"cypress-mochawesome-reporter-videos-pending\",\n    \"value\": \"cypress\\\\e2e\\\\email.cy.js\"\n  },\n  {\n    \"title\": \"cypress-mochawesome-reporter-screenshots\",\n    \"value\": [\n      [\n        \"\\\\email.cy.js\\\\endShoot.png\"\n      ]\n    ]\n  }\n]",
              "code": "cy.get(':nth-child(3) > .container > .row > #utilities > h2').should('be.visible');",
              "err": {},
              "uuid": "f0d8080e-22d1-4692-92b2-0845d62ab8de",
              "parentUUID": "d466f97c-b972-4a6e-9459-8c0cafbaeea9",
              "isHook": false,
              "skipped": false
            }
          ],
          "suites": [],
          "passes": [
            "129ac365-aaa1-463a-9ca2-5b859b52dee5"
          ],
          "failures": [
            "7093558c-4ef3-4eb7-8c61-c8ac0884027a"
          ],
          "pending": [
            "f0d8080e-22d1-4692-92b2-0845d62ab8de"
          ],
          "skipped": [],
          "duration": 14965,
          "root": false,
          "rootEmpty": false,
          "_timeout": 2000
        }
      ],
      "passes": [],
      "failures": [],
      "pending": [],
      "skipped": [],
      "duration": 0,
      "root": true,
      "rootEmpty": true,
      "_timeout": 2000
    }
  ],
  "meta": {
    "mocha": {
      "version": "7.0.1"
    },
    "mochawesome": {
      "options": {
        "quiet": false,
        "reportFilename": "mochawesome",
        "saveHtml": false,
        "saveJson": true,
        "consoleReporter": "spec",
        "useInlineDiffs": false,
        "code": true
      },
      "version": "7.1.3"
    },
    "marge": {
      "options": {
        "reportDir": "cypress\\reports\\.jsons",
        "overwrite": false,
        "html": false,
        "json": true
      },
      "version": "6.2.0"
    }
  }
}